{
  "RSpec": {
    "coverage": {
      "/home/comta/projects/nutritionist-appointments/app/mailers/application_mailer.rb": {
        "lines": [
          1,
          1,
          null,
          1,
          2,
          2,
          2,
          null,
          null,
          null,
          null
        ]
      },
      "/home/comta/projects/nutritionist-appointments/app/models/appointment.rb": {
        "lines": [
          1,
          1,
          1,
          null,
          1,
          1,
          null
        ]
      },
      "/home/comta/projects/nutritionist-appointments/app/models/application_record.rb": {
        "lines": [
          1,
          1,
          null
        ]
      },
      "/home/comta/projects/nutritionist-appointments/app/models/service.rb": {
        "lines": [
          1,
          1,
          1,
          null,
          1,
          1,
          null
        ]
      },
      "/home/comta/projects/nutritionist-appointments/app/models/user.rb": {
        "lines": [
          1,
          null,
          1,
          null,
          1,
          1,
          null,
          null,
          null,
          null
        ]
      },
      "/home/comta/projects/nutritionist-appointments/app/models/guest.rb": {
        "lines": [
          1,
          24,
          1,
          null,
          null,
          null
        ]
      },
      "/home/comta/projects/nutritionist-appointments/app/models/nutritionist.rb": {
        "lines": [
          1,
          19,
          1,
          null
        ]
      },
      "/home/comta/projects/nutritionist-appointments/app/controllers/api/appointments_controller.rb": {
        "lines": [
          1,
          1,
          1,
          null,
          1,
          1,
          1,
          null,
          null,
          null,
          1,
          2,
          2,
          2,
          2,
          2,
          2,
          null,
          2,
          2,
          2,
          2,
          null,
          2,
          2,
          2,
          1,
          null,
          1,
          null,
          null,
          null,
          1,
          2,
          2,
          null,
          2,
          null,
          1,
          null,
          1,
          2,
          null,
          null,
          2,
          null,
          1,
          1,
          null,
          1,
          null,
          null,
          null,
          null,
          1,
          2,
          2,
          1,
          1,
          null,
          1,
          null,
          null,
          null,
          null,
          null,
          1,
          null,
          null,
          2,
          2,
          2,
          1,
          1,
          null,
          null,
          null,
          1,
          null,
          1,
          2,
          null,
          null,
          null,
          1,
          4,
          null,
          null,
          null
        ]
      },
      "/home/comta/projects/nutritionist-appointments/app/controllers/application_controller.rb": {
        "lines": [
          1,
          null
        ]
      },
      "/home/comta/projects/nutritionist-appointments/app/controllers/api/nutritionists_controller.rb": {
        "lines": [
          1,
          1,
          1,
          1,
          1,
          null,
          null,
          null,
          1,
          2,
          2,
          null,
          2,
          1,
          null,
          null,
          null,
          1,
          null,
          null,
          null,
          1,
          null,
          1,
          null,
          null,
          null,
          null,
          null
        ]
      },
      "/home/comta/projects/nutritionist-appointments/app/controllers/homepage_controller.rb": {
        "lines": [
          1,
          1,
          null,
          null
        ]
      },
      "/home/comta/projects/nutritionist-appointments/app/channels/application_cable/channel.rb": {
        "lines": [
          0,
          0,
          0,
          0
        ],
        "branches": {}
      },
      "/home/comta/projects/nutritionist-appointments/app/channels/application_cable/connection.rb": {
        "lines": [
          0,
          0,
          0,
          0
        ],
        "branches": {}
      },
      "/home/comta/projects/nutritionist-appointments/app/jobs/application_job.rb": {
        "lines": [
          0,
          null,
          null,
          null,
          null,
          null,
          0
        ],
        "branches": {}
      }
    },
    "timestamp": 1744571975
  }
}
